<?xml version="1.0" encoding="UTF-8"?>
<testsuite xmlns:xsi="http://www.w3.org/2001/XMLSchema-instance" xsi:noNamespaceSchemaLocation="https://maven.apache.org/surefire/maven-surefire-plugin/xsd/surefire-test-report.xsd" name="com.lpu.MavenDemo.TestTransactionBySlip" time="0" tests="6" errors="0" skipped="0" failures="0">
  <properties>
[...]
</properties>
  <testcase name="Tes1" classname="com.lpu.MavenDemo.TestTransactionBySlip" time="0"/>
  <testcase name="Test2" classname="com.lpu.MavenDemo.TestTransactionBySlip" time="0"/>
  <testcase name="Test3" classname="com.lpu.MavenDemo.TestTransactionBySlip" time="0"/>
  <testcase name="Test4" classname="com.lpu.MavenDemo.TestTransactionBySlip" time="0"/>
  <testcase name="Test5" classname="com.lpu.MavenDemo.TestTransactionBySlip" time="0"/>
  <testcase name="Test6" classname="com.lpu.MavenDemo.TestTransactionBySlip" time="0"/>
</testsuite>